<?xml version="1.0" encoding="utf-8"?><testsuites name="pytest tests"><testsuite name="pytest" errors="0" failures="2" skipped="0" tests="23" time="11.730" timestamp="2026-01-23T12:38:13.157416+00:00" hostname="agent-env-2c2f2643-c98b-47d6-8f91-ac38a04aa101"><testcase classname="backend.tests.test_laravel_api.TestAuthEndpoints" name="test_admin_login_success" time="0.429" /><testcase classname="backend.tests.test_laravel_api.TestAuthEndpoints" name="test_pm_login_success" time="0.445" /><testcase classname="backend.tests.test_laravel_api.TestAuthEndpoints" name="test_employee_login_success" time="0.439" /><testcase classname="backend.tests.test_laravel_api.TestAuthEndpoints" name="test_login_invalid_credentials" time="0.078" /><testcase classname="backend.tests.test_laravel_api.TestDashboardEndpoints" name="test_admin_dashboard_stats" time="0.503" /><testcase classname="backend.tests.test_laravel_api.TestDashboardEndpoints" name="test_pm_dashboard_stats" time="0.486" /><testcase classname="backend.tests.test_laravel_api.TestAdminManagement" name="test_list_admins" time="0.501" /><testcase classname="backend.tests.test_laravel_api.TestAdminManagement" name="test_create_admin_validation" time="0.541"><failure message="assert 200 in [400, 422]&#10; +  where 200 = &lt;Response [200]&gt;.status_code">backend/tests/test_laravel_api.py:137: in test_create_admin_validation
    assert response.status_code in [400, 422]
E   assert 200 in [400, 422]
E    +  where 200 = &lt;Response [200]&gt;.status_code</failure></testcase><testcase classname="backend.tests.test_laravel_api.TestAdminManagement" name="test_create_admin_duplicate_email" time="0.499"><failure message="assert 200 in [400, 422]&#10; +  where 200 = &lt;Response [200]&gt;.status_code">backend/tests/test_laravel_api.py:147: in test_create_admin_duplicate_email
    assert response.status_code in [400, 422]
E   assert 200 in [400, 422]
E    +  where 200 = &lt;Response [200]&gt;.status_code</failure></testcase><testcase classname="backend.tests.test_laravel_api.TestPMMyReviews" name="test_pm_my_reviews_access" time="0.475" /><testcase classname="backend.tests.test_laravel_api.TestPMMyReviews" name="test_pm_my_reviews_with_year_filter" time="0.487" /><testcase classname="backend.tests.test_laravel_api.TestPMMyReviews" name="test_admin_cannot_access_pm_my_reviews" time="0.523" /><testcase classname="backend.tests.test_laravel_api.TestAnnualBonus" name="test_list_annual_bonuses" time="0.504" /><testcase classname="backend.tests.test_laravel_api.TestAnnualBonus" name="test_annual_bonus_summary" time="0.472" /><testcase classname="backend.tests.test_laravel_api.TestAnnualBonus" name="test_calculate_annual_bonuses" time="0.776" /><testcase classname="backend.tests.test_laravel_api.TestEmployeesEndpoints" name="test_list_employees" time="0.579" /><testcase classname="backend.tests.test_laravel_api.TestEmployeesEndpoints" name="test_list_active_employees" time="0.655" /><testcase classname="backend.tests.test_laravel_api.TestCategoriesEndpoints" name="test_list_categories" time="0.469" /><testcase classname="backend.tests.test_laravel_api.TestInternalReviewsEndpoints" name="test_list_internal_reviews" time="0.486" /><testcase classname="backend.tests.test_laravel_api.TestInternalReviewsEndpoints" name="test_aggregated_internal_reviews" time="0.497" /><testcase classname="backend.tests.test_laravel_api.TestMonthlyFinalsEndpoints" name="test_list_monthly_finals" time="0.475" /><testcase classname="backend.tests.test_laravel_api.TestBonusBracketsEndpoints" name="test_list_bonus_brackets" time="0.569" /><testcase classname="backend.tests.test_laravel_api.TestUsersEndpoints" name="test_list_users" time="0.473" /></testsuite></testsuites>